\BOOKMARK [0][-]{chapter.1}{Introduction}{}% 1
\BOOKMARK [1][-]{section.1.1}{ Installation}{chapter.1}% 2
\BOOKMARK [2][-]{subsection.1.1.1}{Mac OSX}{section.1.1}% 3
\BOOKMARK [2][-]{subsection.1.1.2}{Windows}{section.1.1}% 4
\BOOKMARK [2][-]{subsection.1.1.3}{Linux}{section.1.1}% 5
\BOOKMARK [1][-]{section.1.2}{Introducing the GUI}{chapter.1}% 6
\BOOKMARK [2][-]{subsection.1.2.1}{Main windows}{section.1.2}% 7
\BOOKMARK [2][-]{subsection.1.2.2}{The menus}{section.1.2}% 8
\BOOKMARK [2][-]{subsection.1.2.3}{Keyboard shortcuts}{section.1.2}% 9
\BOOKMARK [0][-]{chapter.2}{Basic proof techniques.}{}% 10
\BOOKMARK [1][-]{section.2.1}{Motivational Speeches}{chapter.2}% 11
\BOOKMARK [1][-]{section.2.2}{Propositional Calculus}{chapter.2}% 12
\BOOKMARK [2][-]{subsection.2.2.1}{Connectors}{section.2.2}% 13
\BOOKMARK [2][-]{subsection.2.2.2}{Translation between english and propositional calculus}{section.2.2}% 14
\BOOKMARK [2][-]{subsection.2.2.3}{Inference rules}{section.2.2}% 15
\BOOKMARK [2][-]{subsection.2.2.4}{Constructive vs Classical}{section.2.2}% 16
\BOOKMARK [2][-]{subsection.2.2.5}{Know thine fallacies}{section.2.2}% 17
\BOOKMARK [2][-]{subsection.2.2.6}{A puzzle}{section.2.2}% 18
\BOOKMARK [1][-]{section.2.3}{Predicate calculus}{chapter.2}% 19
\BOOKMARK [2][-]{subsection.2.3.1}{Quantifiers, free and bound variables.}{section.2.3}% 20
\BOOKMARK [1][-]{section.2.4}{Proof by contradiction and the Drinker's Paradox}{chapter.2}% 21
\BOOKMARK [0][-]{appendix.A}{Sets vs types}{}% 22
\BOOKMARK [0][-]{appendix.B}{Tactics}{}% 23
\BOOKMARK [0][-]{appendix.C}{Two simple examples}{}% 24
\BOOKMARK [1][-]{subsection.C.0.1}{Propositional Calculus}{appendix.C}% 25
\BOOKMARK [2][-]{subsection.C.0.2}{An elementary number theory example}{subsection.C.0.1}% 26
