This is pdfTeX, Version 3.14159265-2.6-1.40.17 (TeX Live 2016) (preloaded format=pdflatex 2016.5.22)  29 NOV 2017 08:46
entering extended mode
 restricted \write18 enabled.
 file:line:error style messages enabled.
 %&-line parsing enabled.
**Book.tex
(./Book.tex
LaTeX2e <2016/03/31>
Babel <3.9r> and hyphenation patterns for 83 language(s) loaded.
(./svmono.cls
Document Class: svmono 2009/12/17 v5.5 
Springer Verlag global LaTeX document class for monographs
Class Springer-SVMono Info: extra/valid Springer sub-package 
(Springer-SVMono)           not found in option list - using "global" style.
(/usr/local/texlive/2016/texmf-dist/tex/latex/base/article.cls
Document Class: article 2014/09/29 v1.4h Standard LaTeX document class
(/usr/local/texlive/2016/texmf-dist/tex/latex/base/size10.clo
File: size10.clo 2014/09/29 v1.4h Standard LaTeX file (size option)
)
\c@part=\count79
\c@section=\count80
\c@subsection=\count81
\c@subsubsection=\count82
\c@paragraph=\count83
\c@subparagraph=\count84
\c@figure=\count85
\c@table=\count86
\abovecaptionskip=\skip41
\belowcaptionskip=\skip42
\bibindent=\dimen102
)
\svparindent=\dimen103
\betweenumberspace=\dimen104
\headlineindent=\dimen105
\c@chapter=\count87
\mottowidth=\dimen106
\svitemindent=\dimen107
\verbatimindent=\dimen108
LaTeX Font Info:    Redeclaring math symbol \Gamma on input line 832.
LaTeX Font Info:    Redeclaring math symbol \Delta on input line 833.
LaTeX Font Info:    Redeclaring math symbol \Theta on input line 834.
LaTeX Font Info:    Redeclaring math symbol \Lambda on input line 835.
LaTeX Font Info:    Redeclaring math symbol \Xi on input line 836.
LaTeX Font Info:    Redeclaring math symbol \Pi on input line 837.
LaTeX Font Info:    Redeclaring math symbol \Sigma on input line 838.
LaTeX Font Info:    Redeclaring math symbol \Upsilon on input line 839.
LaTeX Font Info:    Redeclaring math symbol \Phi on input line 840.
LaTeX Font Info:    Redeclaring math symbol \Psi on input line 841.
LaTeX Font Info:    Redeclaring math symbol \Omega on input line 842.
\tocchpnum=\dimen109
\tocsecnum=\dimen110
\tocsectotal=\dimen111
\tocsubsecnum=\dimen112
\tocsubsectotal=\dimen113
\tocsubsubsecnum=\dimen114
\tocsubsubsectotal=\dimen115
\tocparanum=\dimen116
\tocparatotal=\dimen117
\tocsubparanum=\dimen118
\foot@parindent=\dimen119
\spthmsep=\dimen120
\c@theorem=\count88
\c@case=\count89
\c@conjecture=\count90
\c@corollary=\count91
\c@definition=\count92
\c@example=\count93
\c@exercise=\count94
\c@lemma=\count95
\c@note=\count96
\c@problem=\count97
\c@property=\count98
\c@proposition=\count99
\c@question=\count100
\c@solution=\count101
\c@remark=\count102
\c@prob=\count103
\instindent=\dimen121
\figgap=\dimen122
\bildb@x=\box26
\figcapgap=\dimen123
\tabcapgap=\dimen124
\c@merk=\count104
LaTeX Info: Redefining \abstract on input line 1894.
)
(/usr/local/texlive/2016/texmf-dist/tex/latex/geometry/geometry.sty
Package: geometry 2010/09/12 v5.6 Page Geometry

(/usr/local/texlive/2016/texmf-dist/tex/latex/graphics/keyval.sty
Package: keyval 2014/10/28 v1.15 key=value parser (DPC)
\KV@toks@=\toks14
)
(/usr/local/texlive/2016/texmf-dist/tex/generic/oberdiek/ifpdf.sty
Package: ifpdf 2016/05/14 v3.1 Provides the ifpdf switch
)
(/usr/local/texlive/2016/texmf-dist/tex/generic/oberdiek/ifvtex.sty
Package: ifvtex 2016/05/16 v1.6 Detect VTeX and its facilities (HO)
Package ifvtex Info: VTeX not detected.
)
(/usr/local/texlive/2016/texmf-dist/tex/generic/ifxetex/ifxetex.sty
Package: ifxetex 2010/09/12 v0.6 Provides ifxetex conditional
)
\Gm@cnth=\count105
\Gm@cntv=\count106
\c@Gm@tempcnt=\count107
\Gm@bindingoffset=\dimen125
\Gm@wd@mp=\dimen126
\Gm@odd@mp=\dimen127
\Gm@even@mp=\dimen128
\Gm@layoutwidth=\dimen129
\Gm@layoutheight=\dimen130
\Gm@layouthoffset=\dimen131
\Gm@layoutvoffset=\dimen132
\Gm@dimlist=\toks15
)
(/usr/local/texlive/2016/texmf-dist/tex/latex/parskip/parskip.sty
Package: parskip 2001/04/09 non-zero parskip adjustments
)
(/usr/local/texlive/2016/texmf-dist/tex/latex/graphics/graphicx.sty
Package: graphicx 2014/10/28 v1.0g Enhanced LaTeX Graphics (DPC,SPQR)

(/usr/local/texlive/2016/texmf-dist/tex/latex/graphics/graphics.sty
Package: graphics 2016/05/09 v1.0r Standard LaTeX Graphics (DPC,SPQR)

(/usr/local/texlive/2016/texmf-dist/tex/latex/graphics/trig.sty
Package: trig 2016/01/03 v1.10 sin cos tan (DPC)
)
(/usr/local/texlive/2016/texmf-dist/tex/latex/graphics-cfg/graphics.cfg
File: graphics.cfg 2016/01/02 v1.10 sample graphics configuration
)
Package graphics Info: Driver file: pdftex.def on input line 96.

(/usr/local/texlive/2016/texmf-dist/tex/latex/pdftex-def/pdftex.def
File: pdftex.def 2011/05/27 v0.06d Graphics/color for pdfTeX

(/usr/local/texlive/2016/texmf-dist/tex/generic/oberdiek/infwarerr.sty
Package: infwarerr 2016/05/16 v1.4 Providing info/warning/error messages (HO)
)
(/usr/local/texlive/2016/texmf-dist/tex/generic/oberdiek/ltxcmds.sty
Package: ltxcmds 2016/05/16 v1.23 LaTeX kernel commands for general use (HO)
)
\Gread@gobject=\count108
))
\Gin@req@height=\dimen133
\Gin@req@width=\dimen134
)
(/usr/local/texlive/2016/texmf-dist/tex/latex/amsfonts/amssymb.sty
Package: amssymb 2013/01/14 v3.01 AMS font symbols

(/usr/local/texlive/2016/texmf-dist/tex/latex/amsfonts/amsfonts.sty
Package: amsfonts 2013/01/14 v3.01 Basic AMSFonts support
\@emptytoks=\toks16
\symAMSa=\mathgroup4
\symAMSb=\mathgroup5
LaTeX Font Info:    Overwriting math alphabet `\mathfrak' in version `bold'
(Font)                  U/euf/m/n --> U/euf/b/n on input line 106.
))
(/usr/local/texlive/2016/texmf-dist/tex/latex/oberdiek/epstopdf.sty
Package: epstopdf 2016/05/15 v2.6 Conversion with epstopdf on the fly (HO)

(/usr/local/texlive/2016/texmf-dist/tex/latex/oberdiek/epstopdf-base.sty
Package: epstopdf-base 2016/05/15 v2.6 Base part for package epstopdf

(/usr/local/texlive/2016/texmf-dist/tex/latex/oberdiek/grfext.sty
Package: grfext 2016/05/16 v1.2 Manage graphics extensions (HO)

(/usr/local/texlive/2016/texmf-dist/tex/generic/oberdiek/kvdefinekeys.sty
Package: kvdefinekeys 2016/05/16 v1.4 Define keys (HO)
))
(/usr/local/texlive/2016/texmf-dist/tex/latex/oberdiek/kvoptions.sty
Package: kvoptions 2016/05/16 v3.12 Key value format for package options (HO)

(/usr/local/texlive/2016/texmf-dist/tex/generic/oberdiek/kvsetkeys.sty
Package: kvsetkeys 2016/05/16 v1.17 Key value parser (HO)

(/usr/local/texlive/2016/texmf-dist/tex/generic/oberdiek/etexcmds.sty
Package: etexcmds 2016/05/16 v1.6 Avoid name clashes with e-TeX commands (HO)

(/usr/local/texlive/2016/texmf-dist/tex/generic/oberdiek/ifluatex.sty
Package: ifluatex 2016/05/16 v1.4 Provides the ifluatex switch (HO)
Package ifluatex Info: LuaTeX not detected.
)
Package etexcmds Info: Could not find \expanded.
(etexcmds)             That can mean that you are not using pdfTeX 1.50 or
(etexcmds)             that some package has redefined \expanded.
(etexcmds)             In the latter case, load this package earlier.
)))
(/usr/local/texlive/2016/texmf-dist/tex/generic/oberdiek/pdftexcmds.sty
Package: pdftexcmds 2016/05/10 v0.21 Utility functions of pdfTeX for LuaTeX (HO
)
Package pdftexcmds Info: LuaTeX not detected.
Package pdftexcmds Info: \pdf@primitive is available.
Package pdftexcmds Info: \pdf@ifprimitive is available.
Package pdftexcmds Info: \pdfdraftmode found.
)
Package grfext Info: Graphics extension search list:
(grfext)             [.png,.pdf,.jpg,.mps,.jpeg,.jbig2,.jb2,.PNG,.PDF,.JPG,.JPE
G,.JBIG2,.JB2,.eps]
(grfext)             \AppendGraphicsExtensions on input line 456.

(/usr/local/texlive/2016/texmf-dist/tex/latex/latexconfig/epstopdf-sys.cfg
File: epstopdf-sys.cfg 2010/07/13 v1.3 Configuration of (r)epstopdf for TeX Liv
e
)))
(/usr/local/texlive/2016/texmf-dist/tex/latex/appendix/appendix.sty
Package: appendix 2009/09/02 v1.2b extra appendix facilities
\c@@pps=\count109
\c@@ppsavesec=\count110
\c@@ppsaveapp=\count111
)
(/usr/local/texlive/2016/texmf-dist/tex/latex/hyperref/hyperref.sty
Package: hyperref 2016/05/05 v6.83n Hypertext links for LaTeX

(/usr/local/texlive/2016/texmf-dist/tex/generic/oberdiek/hobsub-hyperref.sty
Package: hobsub-hyperref 2016/05/16 v1.14 Bundle oberdiek, subset hyperref (HO)


(/usr/local/texlive/2016/texmf-dist/tex/generic/oberdiek/hobsub-generic.sty
Package: hobsub-generic 2016/05/16 v1.14 Bundle oberdiek, subset generic (HO)
Package: hobsub 2016/05/16 v1.14 Construct package bundles (HO)
Package hobsub Info: Skipping package `infwarerr' (already loaded).
Package hobsub Info: Skipping package `ltxcmds' (already loaded).
Package hobsub Info: Skipping package `ifluatex' (already loaded).
Package hobsub Info: Skipping package `ifvtex' (already loaded).
Package: intcalc 2016/05/16 v1.2 Expandable calculations with integers (HO)
Package hobsub Info: Skipping package `ifpdf' (already loaded).
Package hobsub Info: Skipping package `etexcmds' (already loaded).
Package hobsub Info: Skipping package `kvsetkeys' (already loaded).
Package hobsub Info: Skipping package `kvdefinekeys' (already loaded).
Package hobsub Info: Skipping package `pdftexcmds' (already loaded).
Package: pdfescape 2016/05/16 v1.14 Implements pdfTeX's escape features (HO)
Package: bigintcalc 2016/05/16 v1.4 Expandable calculations on big integers (HO
)
Package: bitset 2016/05/16 v1.2 Handle bit-vector datatype (HO)
Package: uniquecounter 2016/05/16 v1.3 Provide unlimited unique counter (HO)
)
Package hobsub Info: Skipping package `hobsub' (already loaded).
Package: letltxmacro 2016/05/16 v1.5 Let assignment for LaTeX macros (HO)
Package: hopatch 2016/05/16 v1.3 Wrapper for package hooks (HO)
Package: xcolor-patch 2016/05/16 xcolor patch
Package: atveryend 2016/05/16 v1.9 Hooks at the very end of document (HO)
Package atveryend Info: \enddocument detected (standard20110627).
Package: atbegshi 2016/05/16 v1.17 At begin shipout hook (HO)
Package: refcount 2016/05/16 v3.5 Data extraction from label references (HO)
Package: hycolor 2016/05/16 v1.8 Color options for hyperref/bookmark (HO)
)
(/usr/local/texlive/2016/texmf-dist/tex/latex/oberdiek/auxhook.sty
Package: auxhook 2016/05/16 v1.4 Hooks for auxiliary files (HO)
)
\@linkdim=\dimen135
\Hy@linkcounter=\count112
\Hy@pagecounter=\count113

(/usr/local/texlive/2016/texmf-dist/tex/latex/hyperref/pd1enc.def
File: pd1enc.def 2016/05/05 v6.83n Hyperref: PDFDocEncoding definition (HO)
)
\Hy@SavedSpaceFactor=\count114

(/usr/local/texlive/2016/texmf-dist/tex/latex/latexconfig/hyperref.cfg
File: hyperref.cfg 2002/06/06 v1.2 hyperref configuration of TeXLive
)
Package hyperref Info: Option `colorlinks' set `true' on input line 4322.
Package hyperref Info: Hyper figures OFF on input line 4446.
Package hyperref Info: Link nesting OFF on input line 4451.
Package hyperref Info: Hyper index ON on input line 4454.
Package hyperref Info: Plain pages OFF on input line 4461.
Package hyperref Info: Backreferencing OFF on input line 4466.
Package hyperref Info: Implicit mode ON; LaTeX internals redefined.
Package hyperref Info: Bookmarks ON on input line 4691.
\c@Hy@tempcnt=\count115

(/usr/local/texlive/2016/texmf-dist/tex/latex/url/url.sty
\Urlmuskip=\muskip10
Package: url 2013/09/16  ver 3.4  Verb mode for urls, etc.
)
LaTeX Info: Redefining \url on input line 5044.
\XeTeXLinkMargin=\dimen136
\Fld@menulength=\count116
\Field@Width=\dimen137
\Fld@charsize=\dimen138
Package hyperref Info: Hyper figures OFF on input line 6298.
Package hyperref Info: Link nesting OFF on input line 6303.
Package hyperref Info: Hyper index ON on input line 6306.
Package hyperref Info: backreferencing OFF on input line 6313.
Package hyperref Info: Link coloring ON on input line 6316.
Package hyperref Info: Link coloring with OCG OFF on input line 6323.
Package hyperref Info: PDF/A mode OFF on input line 6328.
LaTeX Info: Redefining \ref on input line 6368.
LaTeX Info: Redefining \pageref on input line 6372.
\Hy@abspage=\count117
\c@Item=\count118
\c@Hfootnote=\count119
)

Package hyperref Message: Driver (autodetected): hpdftex.

(/usr/local/texlive/2016/texmf-dist/tex/latex/hyperref/hpdftex.def
File: hpdftex.def 2016/05/05 v6.83n Hyperref driver for pdfTeX
\Fld@listcount=\count120
\c@bookmark@seq@number=\count121

(/usr/local/texlive/2016/texmf-dist/tex/latex/oberdiek/rerunfilecheck.sty
Package: rerunfilecheck 2016/05/16 v1.8 Rerun checks for auxiliary files (HO)
Package uniquecounter Info: New unique counter `rerunfilecheck' on input line 2
82.
)
\Hy@SectionHShift=\skip43
)
(/usr/local/texlive/2016/texmf-dist/tex/latex/amsmath/amsmath.sty
Package: amsmath 2016/03/10 v2.15b AMS math features
\@mathmargin=\skip44

For additional information on amsmath, use the `?' option.
(/usr/local/texlive/2016/texmf-dist/tex/latex/amsmath/amstext.sty
Package: amstext 2000/06/29 v2.01 AMS text

(/usr/local/texlive/2016/texmf-dist/tex/latex/amsmath/amsgen.sty
File: amsgen.sty 1999/11/30 v2.0 generic functions
\@emptytoks=\toks17
\ex@=\dimen139
))
(/usr/local/texlive/2016/texmf-dist/tex/latex/amsmath/amsbsy.sty
Package: amsbsy 1999/11/29 v1.2d Bold Symbols
\pmbraise@=\dimen140
)
(/usr/local/texlive/2016/texmf-dist/tex/latex/amsmath/amsopn.sty
Package: amsopn 2016/03/08 v2.02 operator names
)
\inf@bad=\count122
LaTeX Info: Redefining \frac on input line 199.
\uproot@=\count123
\leftroot@=\count124
LaTeX Info: Redefining \overline on input line 297.
\classnum@=\count125
\DOTSCASE@=\count126
LaTeX Info: Redefining \ldots on input line 394.
LaTeX Info: Redefining \dots on input line 397.
LaTeX Info: Redefining \cdots on input line 518.
\Mathstrutbox@=\box27
\strutbox@=\box28
\big@size=\dimen141
LaTeX Font Info:    Redeclaring font encoding OML on input line 634.
LaTeX Font Info:    Redeclaring font encoding OMS on input line 635.


Package amsmath Warning: Unable to redefine math accent \vec.

\macc@depth=\count127
\c@MaxMatrixCols=\count128
\dotsspace@=\muskip11
\c@parentequation=\count129
\dspbrk@lvl=\count130
\tag@help=\toks18
\row@=\count131
\column@=\count132
\maxfields@=\count133
\andhelp@=\toks19
\eqnshift@=\dimen142
\alignsep@=\dimen143
\tagshift@=\dimen144
\tagwidth@=\dimen145
\totwidth@=\dimen146
\lineht@=\dimen147
\@envbody=\toks20
\multlinegap=\skip45
\multlinetaggap=\skip46
\mathdisplay@stack=\toks21
LaTeX Info: Redefining \[ on input line 2739.
LaTeX Info: Redefining \] on input line 2740.
) (/usr/local/texlive/2016/texmf-dist/tex/latex/pgf/frontendlayer/tikz.sty
(/usr/local/texlive/2016/texmf-dist/tex/latex/pgf/basiclayer/pgf.sty
(/usr/local/texlive/2016/texmf-dist/tex/latex/pgf/utilities/pgfrcs.sty
(/usr/local/texlive/2016/texmf-dist/tex/generic/pgf/utilities/pgfutil-common.te
x
\pgfutil@everybye=\toks22
\pgfutil@tempdima=\dimen148
\pgfutil@tempdimb=\dimen149

(/usr/local/texlive/2016/texmf-dist/tex/generic/pgf/utilities/pgfutil-common-li
sts.tex))
(/usr/local/texlive/2016/texmf-dist/tex/generic/pgf/utilities/pgfutil-latex.def
\pgfutil@abb=\box29
(/usr/local/texlive/2016/texmf-dist/tex/latex/ms/everyshi.sty
Package: everyshi 2001/05/15 v3.00 EveryShipout Package (MS)
))
(/usr/local/texlive/2016/texmf-dist/tex/generic/pgf/utilities/pgfrcs.code.tex
Package: pgfrcs 2015/08/07 v3.0.1a (rcs-revision 1.31)
))
Package: pgf 2015/08/07 v3.0.1a (rcs-revision 1.15)
(/usr/local/texlive/2016/texmf-dist/tex/latex/pgf/basiclayer/pgfcore.sty
(/usr/local/texlive/2016/texmf-dist/tex/latex/pgf/systemlayer/pgfsys.sty
(/usr/local/texlive/2016/texmf-dist/tex/generic/pgf/systemlayer/pgfsys.code.tex
Package: pgfsys 2014/07/09 v3.0.1a (rcs-revision 1.48)
(/usr/local/texlive/2016/texmf-dist/tex/generic/pgf/utilities/pgfkeys.code.tex
\pgfkeys@pathtoks=\toks23
\pgfkeys@temptoks=\toks24

(/usr/local/texlive/2016/texmf-dist/tex/generic/pgf/utilities/pgfkeysfiltered.c
ode.tex
\pgfkeys@tmptoks=\toks25
))
\pgf@x=\dimen150
\pgf@y=\dimen151
\pgf@xa=\dimen152
\pgf@ya=\dimen153
\pgf@xb=\dimen154
\pgf@yb=\dimen155
\pgf@xc=\dimen156
\pgf@yc=\dimen157
\w@pgf@writea=\write3
\r@pgf@reada=\read1
\c@pgf@counta=\count134
\c@pgf@countb=\count135
\c@pgf@countc=\count136
\c@pgf@countd=\count137
\t@pgf@toka=\toks26
\t@pgf@tokb=\toks27
\t@pgf@tokc=\toks28

(/usr/local/texlive/2016/texmf-dist/tex/generic/pgf/systemlayer/pgf.cfg
File: pgf.cfg 2008/05/14  (rcs-revision 1.7)
)
Driver file for pgf: pgfsys-pdftex.def

(/usr/local/texlive/2016/texmf-dist/tex/generic/pgf/systemlayer/pgfsys-pdftex.d
ef
File: pgfsys-pdftex.def 2014/10/11  (rcs-revision 1.35)

(/usr/local/texlive/2016/texmf-dist/tex/generic/pgf/systemlayer/pgfsys-common-p
df.def
File: pgfsys-common-pdf.def 2013/10/10  (rcs-revision 1.13)
)))
(/usr/local/texlive/2016/texmf-dist/tex/generic/pgf/systemlayer/pgfsyssoftpath.
code.tex
File: pgfsyssoftpath.code.tex 2013/09/09  (rcs-revision 1.9)
\pgfsyssoftpath@smallbuffer@items=\count138
\pgfsyssoftpath@bigbuffer@items=\count139
)
(/usr/local/texlive/2016/texmf-dist/tex/generic/pgf/systemlayer/pgfsysprotocol.
code.tex
File: pgfsysprotocol.code.tex 2006/10/16  (rcs-revision 1.4)
)) (/usr/local/texlive/2016/texmf-dist/tex/latex/xcolor/xcolor.sty
Package: xcolor 2016/05/11 v2.12 LaTeX color extensions (UK)

(/usr/local/texlive/2016/texmf-dist/tex/latex/graphics-cfg/color.cfg
File: color.cfg 2016/01/02 v1.6 sample color configuration
)
Package xcolor Info: Driver file: pdftex.def on input line 225.
Package xcolor Info: Model `cmy' substituted by `cmy0' on input line 1348.
Package xcolor Info: Model `hsb' substituted by `rgb' on input line 1352.
Package xcolor Info: Model `RGB' extended on input line 1364.
Package xcolor Info: Model `HTML' substituted by `rgb' on input line 1366.
Package xcolor Info: Model `Hsb' substituted by `hsb' on input line 1367.
Package xcolor Info: Model `tHsb' substituted by `hsb' on input line 1368.
Package xcolor Info: Model `HSB' substituted by `hsb' on input line 1369.
Package xcolor Info: Model `Gray' substituted by `gray' on input line 1370.
Package xcolor Info: Model `wave' substituted by `hsb' on input line 1371.
)
(/usr/local/texlive/2016/texmf-dist/tex/generic/pgf/basiclayer/pgfcore.code.tex
Package: pgfcore 2010/04/11 v3.0.1a (rcs-revision 1.7)
(/usr/local/texlive/2016/texmf-dist/tex/generic/pgf/math/pgfmath.code.tex
(/usr/local/texlive/2016/texmf-dist/tex/generic/pgf/math/pgfmathcalc.code.tex
(/usr/local/texlive/2016/texmf-dist/tex/generic/pgf/math/pgfmathutil.code.tex)
(/usr/local/texlive/2016/texmf-dist/tex/generic/pgf/math/pgfmathparser.code.tex
\pgfmath@dimen=\dimen158
\pgfmath@count=\count140
\pgfmath@box=\box30
\pgfmath@toks=\toks29
\pgfmath@stack@operand=\toks30
\pgfmath@stack@operation=\toks31
)
(/usr/local/texlive/2016/texmf-dist/tex/generic/pgf/math/pgfmathfunctions.code.
tex
(/usr/local/texlive/2016/texmf-dist/tex/generic/pgf/math/pgfmathfunctions.basic
.code.tex)
(/usr/local/texlive/2016/texmf-dist/tex/generic/pgf/math/pgfmathfunctions.trigo
nometric.code.tex)
(/usr/local/texlive/2016/texmf-dist/tex/generic/pgf/math/pgfmathfunctions.rando
m.code.tex)
(/usr/local/texlive/2016/texmf-dist/tex/generic/pgf/math/pgfmathfunctions.compa
rison.code.tex)
(/usr/local/texlive/2016/texmf-dist/tex/generic/pgf/math/pgfmathfunctions.base.
code.tex)
(/usr/local/texlive/2016/texmf-dist/tex/generic/pgf/math/pgfmathfunctions.round
.code.tex)
(/usr/local/texlive/2016/texmf-dist/tex/generic/pgf/math/pgfmathfunctions.misc.
code.tex)
(/usr/local/texlive/2016/texmf-dist/tex/generic/pgf/math/pgfmathfunctions.integ
erarithmetics.code.tex)))
(/usr/local/texlive/2016/texmf-dist/tex/generic/pgf/math/pgfmathfloat.code.tex
\c@pgfmathroundto@lastzeros=\count141
))
(/usr/local/texlive/2016/texmf-dist/tex/generic/pgf/basiclayer/pgfcorepoints.co
de.tex
File: pgfcorepoints.code.tex 2013/10/07  (rcs-revision 1.27)
\pgf@picminx=\dimen159
\pgf@picmaxx=\dimen160
\pgf@picminy=\dimen161
\pgf@picmaxy=\dimen162
\pgf@pathminx=\dimen163
\pgf@pathmaxx=\dimen164
\pgf@pathminy=\dimen165
\pgf@pathmaxy=\dimen166
\pgf@xx=\dimen167
\pgf@xy=\dimen168
\pgf@yx=\dimen169
\pgf@yy=\dimen170
\pgf@zx=\dimen171
\pgf@zy=\dimen172
)
(/usr/local/texlive/2016/texmf-dist/tex/generic/pgf/basiclayer/pgfcorepathconst
ruct.code.tex
File: pgfcorepathconstruct.code.tex 2013/10/07  (rcs-revision 1.29)
\pgf@path@lastx=\dimen173
\pgf@path@lasty=\dimen174
)
(/usr/local/texlive/2016/texmf-dist/tex/generic/pgf/basiclayer/pgfcorepathusage
.code.tex
File: pgfcorepathusage.code.tex 2014/11/02  (rcs-revision 1.24)
\pgf@shorten@end@additional=\dimen175
\pgf@shorten@start@additional=\dimen176
)
(/usr/local/texlive/2016/texmf-dist/tex/generic/pgf/basiclayer/pgfcorescopes.co
de.tex
File: pgfcorescopes.code.tex 2015/05/08  (rcs-revision 1.46)
\pgfpic=\box31
\pgf@hbox=\box32
\pgf@layerbox@main=\box33
\pgf@picture@serial@count=\count142
)
(/usr/local/texlive/2016/texmf-dist/tex/generic/pgf/basiclayer/pgfcoregraphicst
ate.code.tex
File: pgfcoregraphicstate.code.tex 2014/11/02  (rcs-revision 1.12)
\pgflinewidth=\dimen177
)
(/usr/local/texlive/2016/texmf-dist/tex/generic/pgf/basiclayer/pgfcoretransform
ations.code.tex
File: pgfcoretransformations.code.tex 2015/08/07  (rcs-revision 1.20)
\pgf@pt@x=\dimen178
\pgf@pt@y=\dimen179
\pgf@pt@temp=\dimen180
)
(/usr/local/texlive/2016/texmf-dist/tex/generic/pgf/basiclayer/pgfcorequick.cod
e.tex
File: pgfcorequick.code.tex 2008/10/09  (rcs-revision 1.3)
)
(/usr/local/texlive/2016/texmf-dist/tex/generic/pgf/basiclayer/pgfcoreobjects.c
ode.tex
File: pgfcoreobjects.code.tex 2006/10/11  (rcs-revision 1.2)
)
(/usr/local/texlive/2016/texmf-dist/tex/generic/pgf/basiclayer/pgfcorepathproce
ssing.code.tex
File: pgfcorepathprocessing.code.tex 2013/09/09  (rcs-revision 1.9)
)
(/usr/local/texlive/2016/texmf-dist/tex/generic/pgf/basiclayer/pgfcorearrows.co
de.tex
File: pgfcorearrows.code.tex 2015/05/14  (rcs-revision 1.43)
\pgfarrowsep=\dimen181
)
(/usr/local/texlive/2016/texmf-dist/tex/generic/pgf/basiclayer/pgfcoreshade.cod
e.tex
File: pgfcoreshade.code.tex 2013/07/15  (rcs-revision 1.15)
\pgf@max=\dimen182
\pgf@sys@shading@range@num=\count143
)
(/usr/local/texlive/2016/texmf-dist/tex/generic/pgf/basiclayer/pgfcoreimage.cod
e.tex
File: pgfcoreimage.code.tex 2013/07/15  (rcs-revision 1.18)

(/usr/local/texlive/2016/texmf-dist/tex/generic/pgf/basiclayer/pgfcoreexternal.
code.tex
File: pgfcoreexternal.code.tex 2014/07/09  (rcs-revision 1.21)
\pgfexternal@startupbox=\box34
))
(/usr/local/texlive/2016/texmf-dist/tex/generic/pgf/basiclayer/pgfcorelayers.co
de.tex
File: pgfcorelayers.code.tex 2013/07/18  (rcs-revision 1.7)
)
(/usr/local/texlive/2016/texmf-dist/tex/generic/pgf/basiclayer/pgfcoretranspare
ncy.code.tex
File: pgfcoretransparency.code.tex 2013/09/30  (rcs-revision 1.5)
)
(/usr/local/texlive/2016/texmf-dist/tex/generic/pgf/basiclayer/pgfcorepatterns.
code.tex
File: pgfcorepatterns.code.tex 2013/11/07  (rcs-revision 1.5)
)))
(/usr/local/texlive/2016/texmf-dist/tex/generic/pgf/modules/pgfmoduleshapes.cod
e.tex
File: pgfmoduleshapes.code.tex 2014/03/21  (rcs-revision 1.35)
\pgfnodeparttextbox=\box35
)
(/usr/local/texlive/2016/texmf-dist/tex/generic/pgf/modules/pgfmoduleplot.code.
tex
File: pgfmoduleplot.code.tex 2015/08/03  (rcs-revision 1.13)
)
(/usr/local/texlive/2016/texmf-dist/tex/latex/pgf/compatibility/pgfcomp-version
-0-65.sty
Package: pgfcomp-version-0-65 2007/07/03 v3.0.1a (rcs-revision 1.7)
\pgf@nodesepstart=\dimen183
\pgf@nodesepend=\dimen184
)
(/usr/local/texlive/2016/texmf-dist/tex/latex/pgf/compatibility/pgfcomp-version
-1-18.sty
Package: pgfcomp-version-1-18 2007/07/23 v3.0.1a (rcs-revision 1.1)
))
(/usr/local/texlive/2016/texmf-dist/tex/latex/pgf/utilities/pgffor.sty
(/usr/local/texlive/2016/texmf-dist/tex/latex/pgf/utilities/pgfkeys.sty
(/usr/local/texlive/2016/texmf-dist/tex/generic/pgf/utilities/pgfkeys.code.tex)
) (/usr/local/texlive/2016/texmf-dist/tex/latex/pgf/math/pgfmath.sty
(/usr/local/texlive/2016/texmf-dist/tex/generic/pgf/math/pgfmath.code.tex))
(/usr/local/texlive/2016/texmf-dist/tex/generic/pgf/utilities/pgffor.code.tex
Package: pgffor 2013/12/13 v3.0.1a (rcs-revision 1.25)

(/usr/local/texlive/2016/texmf-dist/tex/generic/pgf/math/pgfmath.code.tex)
\pgffor@iter=\dimen185
\pgffor@skip=\dimen186
\pgffor@stack=\toks32
\pgffor@toks=\toks33
))
(/usr/local/texlive/2016/texmf-dist/tex/generic/pgf/frontendlayer/tikz/tikz.cod
e.tex
Package: tikz 2015/08/07 v3.0.1a (rcs-revision 1.151)

(/usr/local/texlive/2016/texmf-dist/tex/generic/pgf/libraries/pgflibraryplothan
dlers.code.tex
File: pgflibraryplothandlers.code.tex 2013/08/31 v3.0.1a (rcs-revision 1.20)
\pgf@plot@mark@count=\count144
\pgfplotmarksize=\dimen187
)
\tikz@lastx=\dimen188
\tikz@lasty=\dimen189
\tikz@lastxsaved=\dimen190
\tikz@lastysaved=\dimen191
\tikzleveldistance=\dimen192
\tikzsiblingdistance=\dimen193
\tikz@figbox=\box36
\tikz@figbox@bg=\box37
\tikz@tempbox=\box38
\tikz@tempbox@bg=\box39
\tikztreelevel=\count145
\tikznumberofchildren=\count146
\tikznumberofcurrentchild=\count147
\tikz@fig@count=\count148

(/usr/local/texlive/2016/texmf-dist/tex/generic/pgf/modules/pgfmodulematrix.cod
e.tex
File: pgfmodulematrix.code.tex 2013/09/17  (rcs-revision 1.8)
\pgfmatrixcurrentrow=\count149
\pgfmatrixcurrentcolumn=\count150
\pgf@matrix@numberofcolumns=\count151
)
\tikz@expandcount=\count152

(/usr/local/texlive/2016/texmf-dist/tex/generic/pgf/frontendlayer/tikz/librarie
s/tikzlibrarytopaths.code.tex
File: tikzlibrarytopaths.code.tex 2008/06/17 v3.0.1a (rcs-revision 1.2)
)))
(/usr/local/texlive/2016/texmf-dist/tex/latex/tcolorbox/tcolorbox.sty
Package: tcolorbox 2016/04/27 version 3.91 text color boxes

(/usr/local/texlive/2016/texmf-dist/tex/latex/tools/verbatim.sty
Package: verbatim 2014/10/28 v1.5q LaTeX2e package for verbatim enhancements
\every@verbatim=\toks34
\verbatim@line=\toks35
\verbatim@in@stream=\read2
)
(/usr/local/texlive/2016/texmf-dist/tex/latex/environ/environ.sty
Package: environ 2014/05/04 v0.3 A new way to define environments

(/usr/local/texlive/2016/texmf-dist/tex/latex/trimspaces/trimspaces.sty
Package: trimspaces 2009/09/17 v1.1 Trim spaces around a token list
))
(/usr/local/texlive/2016/texmf-dist/tex/latex/etoolbox/etoolbox.sty
Package: etoolbox 2015/08/02 v2.2a e-TeX tools for LaTeX (JAW)
\etb@tempcnta=\count153
)
\tcb@titlebox=\box40
\tcb@upperbox=\box41
\tcb@lowerbox=\box42
\tcb@phantombox=\box43
\c@tcbbreakpart=\count154
\c@tcblayer=\count155
\tcolorbox@number=\count156
\tcb@temp=\box44
\tcb@temp=\box45
\tcb@temp=\box46
\tcb@temp=\box47
\tcb@out=\write4
\tcb@record@out=\write5
)
(/usr/local/texlive/2016/texmf-dist/tex/latex/tcolorbox/tcbskins.code.tex
Library (tcolorbox): 'tcbskins.code.tex' version '3.91'
\tcb@waterbox=\box48

(/usr/local/texlive/2016/texmf-dist/tex/latex/tcolorbox/tcbskinsjigsaw.code.tex
Library (tcolorbox): 'tcbskinsjigsaw.code.tex' version '3.91'
)) (/usr/local/texlive/2016/texmf-dist/tex/latex/tcolorbox/tcbtheorems.code.tex
Library (tcolorbox): 'tcbtheorems.code.tex' version '3.91'
) (/usr/local/texlive/2016/texmf-dist/tex/latex/epigraph/epigraph.sty
Package: epigraph 2009/09/02 v1.5c typesetting epigraphs
\beforeepigraphskip=\skip47
\afterepigraphskip=\skip48
\epigraphwidth=\skip49
\epigraphrule=\skip50
)
(/usr/local/texlive/2016/texmf-dist/tex/latex/lkproof/proof.sty
\inferLineSkip=\dimen194
\inferLabelSkip=\dimen195
\@LeftOffset=\dimen196
\@RightOffset=\dimen197
\@SavedLeftOffset=\dimen198
\UpperWidth=\dimen199
\LowerWidth=\dimen256
\LowerHeight=\dimen257
\UpperLeftOffset=\dimen258
\UpperRightOffset=\dimen259
\UpperCenter=\dimen260
\LowerCenter=\dimen261
\UpperAdjust=\dimen262
\RuleAdjust=\dimen263
\LowerAdjust=\dimen264
\RuleWidth=\dimen265
\HLabelAdjust=\dimen266
\VLabelAdjust=\dimen267
\WidthAdjust=\dimen268
\@UpperPart=\box49
\@LowerPart=\box50
\@LabelPart=\box51
\ResultBox=\box52
)
\c@Theorem=\count157
\c@Lemma=\count158
\c@Proposition=\count159
\c@Definition=\count160
\c@Axiom=\count161

(/usr/local/texlive/2016/texmf-dist/tex/latex/tcolorbox/tcbbreakable.code.tex
Library (tcolorbox): 'tcbbreakable.code.tex' version '3.91'
\tcb@testbox=\box53
\tcb@totalupperbox=\box54
\tcb@totallowerbox=\box55
) (/usr/local/texlive/2016/texmf-dist/tex/latex/subfiles/subfiles.sty
Package: subfiles 2012/05/23 Federico Garcia
)
(./Book.aux (./Installation/UserManual.aux

LaTeX Warning: Label `fig:macos' multiply defined.

) (./Installation/menus.aux) (./prooftech/proof1.aux)
(./prooftech/predicate.aux) (./Tactics/types.aux) (./Tactics/tactics.aux)
(./Installation/examples.aux

LaTeX Warning: Label `tactics' multiply defined.


LaTeX Warning: Label `tactics' multiply defined.


LaTeX Warning: Label `tactics' multiply defined.

))
\openout1 = `Book.aux'.

LaTeX Font Info:    Checking defaults for OML/cmm/m/it on input line 85.
LaTeX Font Info:    ... okay on input line 85.
LaTeX Font Info:    Checking defaults for T1/cmr/m/n on input line 85.
LaTeX Font Info:    ... okay on input line 85.
LaTeX Font Info:    Checking defaults for OT1/cmr/m/n on input line 85.
LaTeX Font Info:    ... okay on input line 85.
LaTeX Font Info:    Checking defaults for OMS/cmsy/m/n on input line 85.
LaTeX Font Info:    ... okay on input line 85.
LaTeX Font Info:    Checking defaults for OMX/cmex/m/n on input line 85.
LaTeX Font Info:    ... okay on input line 85.
LaTeX Font Info:    Checking defaults for U/cmr/m/n on input line 85.
LaTeX Font Info:    ... okay on input line 85.
LaTeX Font Info:    Checking defaults for PD1/pdf/m/n on input line 85.
LaTeX Font Info:    ... okay on input line 85.

*geometry* driver: auto-detecting
*geometry* detected driver: pdftex
*geometry* verbose mode - [ preamble ] result:
* driver: pdftex
* paper: letterpaper
* layout: <same size as paper>
* layoutoffset:(h,v)=(0.0pt,0.0pt)
* modes: twoside 
* h-part:(L,W,R)=(73.71613pt, 430.00462pt, 110.57425pt)
* v-part:(T,H,B)=(95.39737pt, 556.47656pt, 143.09605pt)
* \paperwidth=614.295pt
* \paperheight=794.96999pt
* \textwidth=430.00462pt
* \textheight=556.47656pt
* \oddsidemargin=1.44614pt
* \evensidemargin=38.30426pt
* \topmargin=-0.87262pt
* \headheight=12.0pt
* \headsep=12.0pt
* \topskip=10.0pt
* \footskip=30.0pt
* \marginparwidth=90.0pt
* \marginparsep=11.0pt
* \columnsep=10.0pt
* \skip\footins=9.0pt plus 4.0pt minus 2.0pt
* \hoffset=0.0pt
* \voffset=0.0pt
* \mag=1000
* \@twocolumnfalse
* \@twosidetrue
* \@mparswitchtrue
* \@reversemarginfalse
* (1in=72.27pt=25.4mm, 1cm=28.453pt)

(/usr/local/texlive/2016/texmf-dist/tex/context/base/mkii/supp-pdf.mkii
[Loading MPS to PDF converter (version 2006.09.02).]
\scratchcounter=\count162
\scratchdimen=\dimen269
\scratchbox=\box56
\nofMPsegments=\count163
\nofMParguments=\count164
\everyMPshowfont=\toks36
\MPscratchCnt=\count165
\MPscratchDim=\dimen270
\MPnumerator=\count166
\makeMPintoPDFobject=\count167
\everyMPtoPDFconversion=\toks37
)
\AtBeginShipoutBox=\box57
Package hyperref Info: Link coloring ON on input line 85.
 (/usr/local/texlive/2016/texmf-dist/tex/latex/hyperref/nameref.sty
Package: nameref 2012/10/27 v2.43 Cross-referencing by name of section

(/usr/local/texlive/2016/texmf-dist/tex/generic/oberdiek/gettitlestring.sty
Package: gettitlestring 2016/05/16 v1.5 Cleanup title references (HO)
)
\c@section@level=\count168
)
LaTeX Info: Redefining \ref on input line 85.
LaTeX Info: Redefining \pageref on input line 85.
LaTeX Info: Redefining \nameref on input line 85.

(./Book.out) (./Book.out)
\@outlinefile=\write6
\openout6 = `Book.out'.

 ABD: EveryShipout initializing macros

LaTeX Font Warning: Font shape `OT1/cmr/m/n' in size <18> not available
(Font)              size <17.28> substituted on input line 90.

[5



{/usr/local/texlive/2016/texmf-var/fonts/map/pdftex/updmap/pdftex.map}]
[6


]

LaTeX Font Warning: Font shape `OT1/cmr/m/n' in size <16> not available
(Font)              size <17.28> substituted on input line 91.


LaTeX Font Warning: Font shape `OT1/cmr/bx/n' in size <16> not available
(Font)              size <17.28> substituted on input line 91.

LaTeX Font Info:    Try loading font information for U+msa on input line 91.
(/usr/local/texlive/2016/texmf-dist/tex/latex/amsfonts/umsa.fd
File: umsa.fd 2013/01/14 v3.01 AMS symbols A
)
LaTeX Font Info:    Try loading font information for U+msb on input line 91.

(/usr/local/texlive/2016/texmf-dist/tex/latex/amsfonts/umsb.fd
File: umsb.fd 2013/01/14 v3.01 AMS symbols B
) (./Book.toc)
\tf@toc=\write7
\openout7 = `Book.toc'.



LaTeX Font Warning: Font shape `OT1/cmr/m/n' in size <8.5> not available
(Font)              size <8> substituted on input line 93.

[7] [8


]
Chapter 1.
[1




]
\openout2 = `Installation/UserManual.aux'.

 (./Installation/UserManual.tex

LaTeX Font Warning: Font shape `OT1/cmtt/m/n' in size <8.5> not available
(Font)              size <8> substituted on input line 31.

<Installation/macos.png, id=170, 431.6125pt x 345.29pt>
File: Installation/macos.png Graphic file (type png)

<use Installation/macos.png>
Package pdftex.def Info: Installation/macos.png used on input line 38.
(pdftex.def)             Requested size: 215.80571pt x 172.64456pt.


LaTeX Font Warning: Font shape `OT1/cmr/bx/n' in size <8.5> not available
(Font)              size <8> substituted on input line 39.

[2

 <./Installation/macos.png>]) [3]
\openout2 = `Installation/menus.aux'.

 (./Installation/menus.tex
<Installation/main.png, id=200, 1205.50375pt x 623.32875pt>
File: Installation/main.png Graphic file (type png)

<use Installation/main.png>
Package pdftex.def Info: Installation/main.png used on input line 18.
(pdftex.def)             Requested size: 361.65392pt x 187.00006pt.

<Installation/menu1.png, id=202, 263.98625pt x 189.70876pt>
File: Installation/menu1.png Graphic file (type png)

<use Installation/menu1.png>
Package pdftex.def Info: Installation/menu1.png used on input line 26.
(pdftex.def)             Requested size: 131.9928pt x 94.85414pt.
 [4


 <./Installation/main.png>]
<Installation/menu2.png, id=219, 534.99875pt x 516.93124pt>
File: Installation/menu2.png Graphic file (type png)

<use Installation/menu2.png>
Package pdftex.def Info: Installation/menu2.png used on input line 37.
(pdftex.def)             Requested size: 267.49872pt x 258.46498pt.
) [5 <./Installation/menu1.png> <./Installation/menu2.png>] [6]
Chapter 2.
pdfTeX warning (ext4): destination with the same identifier (name{page.1}) has 
been already used, duplicate ignored
<to be read again> 
                   \relax 
l.104 \include{prooftech/proof1}
                                 [1





]
\openout2 = `prooftech/proof1.aux'.

 (./prooftech/proof1.tex
LaTeX Font Info:    Calculating math sizes for size <8.5> on input line 1.


LaTeX Font Warning: Font shape `OT1/cmr/m/n' in size <4.25> not available
(Font)              size <5> substituted on input line 1.


LaTeX Font Warning: Font shape `OML/cmm/m/it' in size <8.5> not available
(Font)              size <8> substituted on input line 1.


LaTeX Font Warning: Font shape `OML/cmm/m/it' in size <4.25> not available
(Font)              size <5> substituted on input line 1.


LaTeX Font Warning: Font shape `OMS/cmsy/m/n' in size <8.5> not available
(Font)              size <8> substituted on input line 1.


LaTeX Font Warning: Font shape `OMS/cmsy/m/n' in size <4.25> not available
(Font)              size <5> substituted on input line 1.

LaTeX Font Info:    Try loading font information for OMS+cmr on input line 24.
(/usr/local/texlive/2016/texmf-dist/tex/latex/base/omscmr.fd
File: omscmr.fd 2014/09/29 v2.5h Standard LaTeX font definitions
)
LaTeX Font Info:    Font shape `OMS/cmr/m/n' in size <10> not available
(Font)              Font shape `OMS/cmsy/m/n' tried instead on input line 24.
pdfTeX warning (ext4): destination with the same identifier (name{page.2}) has 
been already used, duplicate ignored
<to be read again> 
                   \relax 
l.36 \item $
            x+3>5$ [2

]pdfTeX warning (ext4): destination with the same identifier (name{page.3}) has
 been already used, duplicate ignored
<to be read again> 
                   \relax 
l.59 ...T \\\hline F & F & F\\ \hline\end{array}$$
                                                   [3]pdfTeX warning (ext4): de
stination with the same identifier (name{page.4}) has been already used, duplic
ate ignored
<to be read again> 
                   \relax 
l.96 $
      $\begin{array}{|c|c|c|}\hline P & Q & P\leftrightarrow Q \\\hline T & ...
[4]pdfTeX warning (ext4): destination with the same identifier (name{page.5}) h
as been already used, duplicate ignored
<to be read again> 
                   \relax 
l.119 $$
        \infer[name]{Q}{P}$$ [5]pdfTeX warning (ext4): destination with the sam
e identifier (name{page.6}) has been already used, duplicate ignored
<to be read again> 
                   \relax 
l.153 M
       ost of the rpoofs you have seen written in textbooks are written in a...
[6] [7] [8] [9] [10] [11] [12] [13] [14]
Overfull \hbox (30.0pt too wide) in paragraph at lines 406--406
[][] 
 []


Overfull \hbox (30.0pt too wide) in paragraph at lines 409--409
[][] 
 []


Overfull \hbox (30.0pt too wide) in paragraph at lines 416--416
[][] 
 []


Underfull \hbox (badness 10000) in paragraph at lines 423--423

 []


Overfull \hbox (30.0pt too wide) in paragraph at lines 423--423
[][] 
 []


Overfull \hbox (30.0pt too wide) in paragraph at lines 427--427
[][] 
 []


Overfull \hbox (30.0pt too wide) in paragraph at lines 433--433
[][] 
 []


Overfull \hbox (30.0pt too wide) in paragraph at lines 437--437
[][] 
 []

[15]
Overfull \hbox (30.0pt too wide) in paragraph at lines 441--441
[][] 
 []


Overfull \hbox (30.0pt too wide) in paragraph at lines 456--456
[][] 
 []


Overfull \hbox (30.0pt too wide) in paragraph at lines 459--459
[][] 
 []


Overfull \hbox (30.0pt too wide) in paragraph at lines 463--463
[][] 
 []


Overfull \hbox (30.0pt too wide) in paragraph at lines 470--470
[][] 
 []


Overfull \hbox (30.0pt too wide) in paragraph at lines 473--473
[][] 
 []

[16]
Underfull \hbox (badness 10000) in paragraph at lines 486--486
[]\OT1/cmtt/m/n/10 Consider cases based on disjunction in hypothesis H . Prove 
right hand
 []


Overfull \hbox (30.0pt too wide) in paragraph at lines 486--486
[][] 
 []


Overfull \hbox (30.0pt too wide) in paragraph at lines 498--498
[][] 
 []

[17] [18]
Overfull \hbox (30.0pt too wide) in paragraph at lines 552--552
[][] 
 []


Overfull \hbox (30.0pt too wide) in paragraph at lines 557--557
[][] 
 []


Overfull \hbox (30.0pt too wide) in paragraph at lines 559--559
[][] 
 []


Overfull \hbox (30.0pt too wide) in paragraph at lines 560--560
[][] 
 []


Overfull \hbox (30.0pt too wide) in paragraph at lines 561--561
[][] 
 []


Overfull \hbox (30.0pt too wide) in paragraph at lines 564--564
[][] 
 []


Overfull \hbox (30.0pt too wide) in paragraph at lines 566--566
[][] 
 []


Overfull \hbox (30.0pt too wide) in paragraph at lines 568--568
[][] 
 []


Overfull \hbox (30.0pt too wide) in paragraph at lines 571--571
[][] 
 []

[19]
Overfull \hbox (30.0pt too wide) in paragraph at lines 574--574
[][] 
 []


Overfull \hbox (30.0pt too wide) in paragraph at lines 577--577
[][] 
 []


Overfull \hbox (30.0pt too wide) in paragraph at lines 582--582
[][] 
 []


Overfull \hbox (30.0pt too wide) in paragraph at lines 588--588
[][] 
 []


Overfull \hbox (30.0pt too wide) in paragraph at lines 593--593
[][] 
 []


LaTeX Warning: Reference `sec:proofbycontradiction' on page 20 undefined on inp
ut line 595.


Overfull \hbox (30.0pt too wide) in paragraph at lines 597--597
[][] 
 []


Overfull \hbox (30.0pt too wide) in paragraph at lines 602--602
[][] 
 []


Overfull \hbox (30.0pt too wide) in paragraph at lines 606--606
[][] 
 []

[20]
Overfull \hbox (30.0pt too wide) in paragraph at lines 612--612
[][] 
 []


Overfull \hbox (30.0pt too wide) in paragraph at lines 617--617
[][] 
 []


Overfull \hbox (30.0pt too wide) in paragraph at lines 623--623
[][] 
 []


Overfull \hbox (30.0pt too wide) in paragraph at lines 628--628
[][] 
 []


Underfull \hbox (badness 10000) in paragraph at lines 633--633

 []


Overfull \hbox (30.0pt too wide) in paragraph at lines 633--633
[][] 
 []


Overfull \hbox (30.0pt too wide) in paragraph at lines 636--636
[][] 
 []


Underfull \hbox (badness 10000) in paragraph at lines 642--642

 []

[21]
Overfull \hbox (30.0pt too wide) in paragraph at lines 642--642
[][] 
 []


Underfull \hbox (badness 10000) in paragraph at lines 648--648

 []


Overfull \hbox (30.0pt too wide) in paragraph at lines 648--648
[][] 
 []


Overfull \hbox (30.0pt too wide) in paragraph at lines 653--653
[][] 
 []


Overfull \hbox (30.0pt too wide) in paragraph at lines 659--659
[][] 
 []

[22]) [23]
\openout2 = `prooftech/predicate.aux'.

 (./prooftech/predicate.tex [24


]
Overfull \hbox (30.0pt too wide) in paragraph at lines 72--72
[][] 
 []

[25]
Overfull \hbox (30.0pt too wide) in paragraph at lines 78--78
[][] 
 []


Overfull \hbox (30.0pt too wide) in paragraph at lines 81--81
[][] 
 []


Overfull \hbox (30.0pt too wide) in paragraph at lines 91--91
[][] 
 []


LaTeX Warning: Citation `coqdart' on page 26 undefined on input line 101.

[26]
Overfull \hbox (30.0pt too wide) in paragraph at lines 109--109
[][] 
 []


Overfull \hbox (30.0pt too wide) in paragraph at lines 114--114
[][] 
 []


Overfull \hbox (30.0pt too wide) in paragraph at lines 126--126
[][] 
 []


Overfull \hbox (30.0pt too wide) in paragraph at lines 137--137
[][] 
 []


Overfull \hbox (30.0pt too wide) in paragraph at lines 144--144
[][] 
 []

[27]
Overfull \hbox (30.0pt too wide) in paragraph at lines 172--172
[][] 
 []


Underfull \hbox (badness 10000) in paragraph at lines 178--178
[] \OT1/cmtt/m/n/10 Lemma drinke (Customers:Type)(a:Customers)(Drinks: Customer
s->Prop).r: $\OMS/cmsy/m/n/10 9$
 []

[28]
Overfull \hbox (30.0pt too wide) in paragraph at lines 178--178
[][] 
 []


Overfull \hbox (30.0pt too wide) in paragraph at lines 183--183
[][] 
 []


Overfull \hbox (30.0pt too wide) in paragraph at lines 187--187
[][] 
 []


Overfull \hbox (30.0pt too wide) in paragraph at lines 191--191
[][] 
 []


Overfull \hbox (30.0pt too wide) in paragraph at lines 195--195
[][] 
 []


Overfull \hbox (30.0pt too wide) in paragraph at lines 200--200
[][] 
 []


Overfull \hbox (30.0pt too wide) in paragraph at lines 206--206
[][] 
 []

[29]
Overfull \hbox (30.0pt too wide) in paragraph at lines 212--212
[][] 
 []


Overfull \hbox (30.0pt too wide) in paragraph at lines 216--216
[][] 
 []


Overfull \hbox (30.0pt too wide) in paragraph at lines 220--220
[][] 
 []


Overfull \hbox (30.0pt too wide) in paragraph at lines 222--222
[][] 
 []


Overfull \hbox (30.0pt too wide) in paragraph at lines 227--227
[][] 
 []


Overfull \hbox (30.0pt too wide) in paragraph at lines 234--234
[][] 
 []

[30]
Overfull \hbox (30.0pt too wide) in paragraph at lines 238--238
[][] 
 []


Overfull \hbox (30.0pt too wide) in paragraph at lines 243--243
[][] 
 []


Overfull \hbox (30.0pt too wide) in paragraph at lines 250--250
[][] 
 []


Underfull \hbox (badness 10000) in paragraph at lines 262--262
[] \OT1/cmtt/m/n/10 Obtain (exists n : Customers, not Drinks n) applying (not$[
]$all$[]$ex$[]$not
 []


Overfull \hbox (30.0pt too wide) in paragraph at lines 262--262
[][] 
 []


Overfull \hbox (30.0pt too wide) in paragraph at lines 268--268
[][] 
 []

[31]
Overfull \hbox (30.0pt too wide) in paragraph at lines 273--273
[][] 
 []


Overfull \hbox (30.0pt too wide) in paragraph at lines 277--277
[][] 
 []


Overfull \hbox (30.0pt too wide) in paragraph at lines 284--284
[][] 
 []


Overfull \hbox (30.0pt too wide) in paragraph at lines 310--310
[][] 
 []

) [32] [33] [34


] [35] [36]
\openout2 = `Tactics/types.aux'.

 (./Tactics/types.tex
Appendix A.

Overfull \hbox (30.0pt too wide) in paragraph at lines 6--6
[][] 
 []


Overfull \hbox (30.0pt too wide) in paragraph at lines 12--12
[][] 
 []


Overfull \hbox (30.0pt too wide) in paragraph at lines 16--16
[][] 
 []


Overfull \hbox (30.0pt too wide) in paragraph at lines 20--20
[][] 
 []

[37



]
Overfull \hbox (30.0pt too wide) in paragraph at lines 32--32
[][] 
 []


Overfull \hbox (30.0pt too wide) in paragraph at lines 33--33
[][] 
 []


Overfull \hbox (30.0pt too wide) in paragraph at lines 40--40
[][] 
 []


Overfull \hbox (30.0pt too wide) in paragraph at lines 49--49
[][] 
 []

) [38]
\openout2 = `Tactics/tactics.aux'.

 (./Tactics/tactics.tex
Appendix B.

Overfull \hbox (30.0pt too wide) in paragraph at lines 17--17
[][] 
 []


Overfull \hbox (30.0pt too wide) in paragraph at lines 25--25
[][] 
 []


Overfull \hbox (30.0pt too wide) in paragraph at lines 30--30
[][] 
 []

[39




]
Overfull \hbox (30.0pt too wide) in paragraph at lines 36--36
[][] 
 []


Overfull \hbox (30.0pt too wide) in paragraph at lines 41--41
[][] 
 []


Overfull \hbox (30.0pt too wide) in paragraph at lines 49--49
[][] 
 []


Overfull \hbox (30.0pt too wide) in paragraph at lines 52--52
[][] 
 []


Overfull \hbox (30.0pt too wide) in paragraph at lines 55--55
[][] 
 []

[40]
Overfull \hbox (30.0pt too wide) in paragraph at lines 57--57
[][] 
 []


Overfull \hbox (30.0pt too wide) in paragraph at lines 61--61
[][] 
 []


Overfull \hbox (30.0pt too wide) in paragraph at lines 69--69
[][] 
 []


Overfull \hbox (30.0pt too wide) in paragraph at lines 72--72
[][] 
 []


Overfull \hbox (30.0pt too wide) in paragraph at lines 78--78
[][] 
 []


Underfull \hbox (badness 10000) in paragraph at lines 88--88

 []


Overfull \hbox (30.0pt too wide) in paragraph at lines 88--88
[][] 
 []

[41]
Overfull \hbox (30.0pt too wide) in paragraph at lines 90--90
[][] 
 []


Underfull \hbox (badness 10000) in paragraph at lines 96--96

 []


Overfull \hbox (30.0pt too wide) in paragraph at lines 96--96
[][] 
 []


Underfull \hbox (badness 10000) in paragraph at lines 102--102

 []


Overfull \hbox (30.0pt too wide) in paragraph at lines 102--102
[][] 
 []


Underfull \hbox (badness 10000) in paragraph at lines 110--110

 []


Overfull \hbox (30.0pt too wide) in paragraph at lines 110--110
[][] 
 []


Overfull \hbox (30.0pt too wide) in paragraph at lines 112--112
[][] 
 []


Underfull \hbox (badness 10000) in paragraph at lines 118--118

 []

[42]
Overfull \hbox (30.0pt too wide) in paragraph at lines 118--118
[][] 
 []


Underfull \hbox (badness 10000) in paragraph at lines 121--121

 []


Overfull \hbox (30.0pt too wide) in paragraph at lines 121--121
[][] 
 []


Underfull \hbox (badness 10000) in paragraph at lines 128--128

 []


Overfull \hbox (30.0pt too wide) in paragraph at lines 128--128
[][] 
 []


Overfull \hbox (30.0pt too wide) in paragraph at lines 131--131
[][] 
 []


Overfull \hbox (30.0pt too wide) in paragraph at lines 137--137
[][] 
 []


Overfull \hbox (30.0pt too wide) in paragraph at lines 146--146
[][] 
 []

[43]
Overfull \hbox (30.0pt too wide) in paragraph at lines 149--149
[][] 
 []


Underfull \hbox (badness 10000) in paragraph at lines 154--154

 []


Overfull \hbox (30.0pt too wide) in paragraph at lines 154--154
[][] 
 []


Underfull \hbox (badness 10000) in paragraph at lines 158--158

 []


Overfull \hbox (30.0pt too wide) in paragraph at lines 158--158
[][] 
 []


Underfull \hbox (badness 10000) in paragraph at lines 167--167

 []


Overfull \hbox (30.0pt too wide) in paragraph at lines 167--167
[][] 
 []


Overfull \hbox (30.0pt too wide) in paragraph at lines 170--170
[][] 
 []


Underfull \hbox (badness 10000) in paragraph at lines 176--176

 []


Overfull \hbox (30.0pt too wide) in paragraph at lines 176--176
[][] 
 []

[44]
Underfull \hbox (badness 10000) in paragraph at lines 183--183

 []


Overfull \hbox (30.0pt too wide) in paragraph at lines 183--183
[][] 
 []


Overfull \hbox (30.0pt too wide) in paragraph at lines 186--186
[][] 
 []


Underfull \hbox (badness 10000) in paragraph at lines 193--193

 []


Overfull \hbox (30.0pt too wide) in paragraph at lines 193--193
[][] 
 []


Underfull \hbox (badness 10000) in paragraph at lines 201--201

 []


Overfull \hbox (30.0pt too wide) in paragraph at lines 201--201
[][] 
 []

[45]
Overfull \hbox (30.0pt too wide) in paragraph at lines 205--205
[][] 
 []


Underfull \hbox (badness 10000) in paragraph at lines 214--214

 []


Overfull \hbox (30.0pt too wide) in paragraph at lines 214--214
[][] 
 []


Overfull \hbox (30.0pt too wide) in paragraph at lines 217--217
[][] 
 []


Underfull \hbox (badness 10000) in paragraph at lines 222--222

 []


Overfull \hbox (30.0pt too wide) in paragraph at lines 222--222
[][] 
 []


Overfull \hbox (30.0pt too wide) in paragraph at lines 225--225
[][] 
 []


Underfull \hbox (badness 10000) in paragraph at lines 231--231

 []


Overfull \hbox (30.0pt too wide) in paragraph at lines 231--231
[][] 
 []


Overfull \hbox (30.0pt too wide) in paragraph at lines 234--234
[][] 
 []


Underfull \hbox (badness 10000) in paragraph at lines 240--240

 []

[46]
Overfull \hbox (30.0pt too wide) in paragraph at lines 240--240
[][] 
 []


Overfull \hbox (30.0pt too wide) in paragraph at lines 242--242
[][] 
 []


Underfull \hbox (badness 10000) in paragraph at lines 249--249

 []


Overfull \hbox (30.0pt too wide) in paragraph at lines 249--249
[][] 
 []


Overfull \hbox (30.0pt too wide) in paragraph at lines 251--251
[][] 
 []


Overfull \hbox (30.0pt too wide) in paragraph at lines 262--262
[][] 
 []


Overfull \hbox (30.0pt too wide) in paragraph at lines 265--265
[][] 
 []

[47]
Overfull \hbox (30.0pt too wide) in paragraph at lines 272--272
[][] 
 []


Underfull \hbox (badness 10000) in paragraph at lines 278--278

 []


Overfull \hbox (30.0pt too wide) in paragraph at lines 278--278
[][] 
 []


Underfull \hbox (badness 10000) in paragraph at lines 284--284

 []


Overfull \hbox (30.0pt too wide) in paragraph at lines 284--284
[][] 
 []


Underfull \hbox (badness 10000) in paragraph at lines 290--290

 []


Overfull \hbox (30.0pt too wide) in paragraph at lines 290--290
[][] 
 []


Overfull \hbox (30.0pt too wide) in paragraph at lines 298--298
[][] 
 []

[48]
Overfull \hbox (30.0pt too wide) in paragraph at lines 305--305
[][] 
 []


Underfull \hbox (badness 10000) in paragraph at lines 310--310

 []


Overfull \hbox (30.0pt too wide) in paragraph at lines 310--310
[][] 
 []


Overfull \hbox (30.0pt too wide) in paragraph at lines 312--312
[][] 
 []


Underfull \hbox (badness 10000) in paragraph at lines 317--317

 []


Overfull \hbox (30.0pt too wide) in paragraph at lines 317--317
[][] 
 []


Underfull \hbox (badness 10000) in paragraph at lines 324--324

 []


Overfull \hbox (30.0pt too wide) in paragraph at lines 324--324
[][] 
 []


Underfull \hbox (badness 10000) in paragraph at lines 328--328

 []


Overfull \hbox (30.0pt too wide) in paragraph at lines 328--328
[][] 
 []


Underfull \hbox (badness 10000) in paragraph at lines 333--333

 []

[49]
Overfull \hbox (30.0pt too wide) in paragraph at lines 333--333
[][] 
 []


Overfull \hbox (30.0pt too wide) in paragraph at lines 338--338
[][] 
 []


Overfull \hbox (30.0pt too wide) in paragraph at lines 343--343
[][] 
 []


Overfull \hbox (30.0pt too wide) in paragraph at lines 347--347
[][] 
 []


Underfull \hbox (badness 10000) in paragraph at lines 359--359

 []


Overfull \hbox (30.0pt too wide) in paragraph at lines 359--359
[][] 
 []

[50]
Overfull \hbox (30.0pt too wide) in paragraph at lines 362--362
[][] 
 []


Underfull \hbox (badness 10000) in paragraph at lines 367--367

 []


Overfull \hbox (30.0pt too wide) in paragraph at lines 367--367
[][] 
 []


Underfull \hbox (badness 10000) in paragraph at lines 374--374

 []


Overfull \hbox (30.0pt too wide) in paragraph at lines 374--374
[][] 
 []


Overfull \hbox (30.0pt too wide) in paragraph at lines 375--375
[][] 
 []


Overfull \hbox (30.0pt too wide) in paragraph at lines 384--384
[][] 
 []

[51]
Overfull \hbox (30.0pt too wide) in paragraph at lines 386--386
[][] 
 []


Overfull \hbox (30.0pt too wide) in paragraph at lines 390--390
[][] 
 []


Overfull \hbox (30.0pt too wide) in paragraph at lines 393--393
[][] 
 []


Overfull \hbox (30.0pt too wide) in paragraph at lines 397--397
[][] 
 []


Overfull \hbox (30.0pt too wide) in paragraph at lines 402--402
[][] 
 []

[52]) [53]
\openout2 = `Installation/examples.aux'.

 (./Installation/examples.tex [54




]
Appendix C.

Package hyperref Warning: Difference (2) between bookmark levels is greater 
(hyperref)                than one, level fixed on input line 5.


Overfull \hbox (30.0pt too wide) in paragraph at lines 11--11
[][] 
 []


Underfull \hbox (badness 10000) in paragraph at lines 18--18

 []


Overfull \hbox (30.0pt too wide) in paragraph at lines 18--18
[][] 
 []

<Installation/Escape.png, id=534, 333.245pt x 102.3825pt>
File: Installation/Escape.png Graphic file (type png)

<use Installation/Escape.png>
Package pdftex.def Info: Installation/Escape.png used on input line 24.
(pdftex.def)             Requested size: 166.62209pt x 51.19112pt.


LaTeX Warning: `!h' float specifier changed to `!ht'.


Overfull \hbox (30.0pt too wide) in paragraph at lines 32--33
[] 
 []

[55]
Overfull \hbox (30.0pt too wide) in paragraph at lines 43--44
[] 
 []

<Installation/clickgoal.png, id=539, 370.38374pt x 271.0125pt>
File: Installation/clickgoal.png Graphic file (type png)

<use Installation/clickgoal.png>
Package pdftex.def Info: Installation/clickgoal.png used on input line 51.
(pdftex.def)             Requested size: 185.1914pt x 135.5059pt.

Overfull \hbox (30.0pt too wide) in paragraph at lines 55--55
[][] 
 []


Overfull \hbox (30.0pt too wide) in paragraph at lines 64--64
[][] 
 []

[56 <./Installation/Escape.png> <./Installation/clickgoal.png>]
Overfull \hbox (30.0pt too wide) in paragraph at lines 69--69
[][] 
 []

<Installation/clickgoal1.png, id=547, 493.845pt x 204.765pt>
File: Installation/clickgoal1.png Graphic file (type png)

<use Installation/clickgoal1.png>
Package pdftex.def Info: Installation/clickgoal1.png used on input line 76.
(pdftex.def)             Requested size: 246.92189pt x 102.38223pt.

Overfull \hbox (30.0pt too wide) in paragraph at lines 80--80
[][] 
 []


Underfull \hbox (badness 10000) in paragraph at lines 91--91

 []


Overfull \hbox (30.0pt too wide) in paragraph at lines 91--91
[][] 
 []


Overfull \hbox (30.0pt too wide) in paragraph at lines 101--101
[][] 
 []

[57 <./Installation/clickgoal1.png>]
Overfull \hbox (30.0pt too wide) in paragraph at lines 106--106
[][] 
 []


Overfull \hbox (30.0pt too wide) in paragraph at lines 116--116
[][] 
 []


Overfull \hbox (30.0pt too wide) in paragraph at lines 119--119
[][] 
 []


Overfull \hbox (30.0pt too wide) in paragraph at lines 123--123
[][] 
 []


Overfull \hbox (30.0pt too wide) in paragraph at lines 124--124
[][] 
 []


Overfull \hbox (30.0pt too wide) in paragraph at lines 126--126
[][] 
 []


Overfull \hbox (30.0pt too wide) in paragraph at lines 129--129
[][] 
 []

<Installation/treecommor.png, id=554, 1188.44pt x 727.71875pt>
File: Installation/treecommor.png Graphic file (type png)

<use Installation/treecommor.png>
Package pdftex.def Info: Installation/treecommor.png used on input line 136.
(pdftex.def)             Requested size: 356.53476pt x 218.3173pt.
 [58]
Overfull \hbox (30.0pt too wide) in paragraph at lines 148--148
[][] 
 []


Overfull \hbox (30.0pt too wide) in paragraph at lines 152--152
[][] 
 []

[59 <./Installation/treecommor.png>]
Overfull \hbox (30.0pt too wide) in paragraph at lines 155--155
[][] 
 []


Underfull \hbox (badness 10000) in paragraph at lines 163--163

 []


Overfull \hbox (30.0pt too wide) in paragraph at lines 163--163
[][] 
 []


Overfull \hbox (30.0pt too wide) in paragraph at lines 166--166
[][] 
 []


Underfull \hbox (badness 10000) in paragraph at lines 176--176

 []


Overfull \hbox (30.0pt too wide) in paragraph at lines 176--176
[][] 
 []


Overfull \hbox (30.0pt too wide) in paragraph at lines 182--182
[][] 
 []


Overfull \hbox (30.0pt too wide) in paragraph at lines 190--190
[][] 
 []


Overfull \hbox (30.0pt too wide) in paragraph at lines 192--192
[][] 
 []

[60]
Overfull \hbox (30.0pt too wide) in paragraph at lines 197--197
[][] 
 []


Overfull \hbox (30.0pt too wide) in paragraph at lines 200--200
[][] 
 []


Overfull \hbox (30.0pt too wide) in paragraph at lines 207--207
[][] 
 []


Underfull \hbox (badness 10000) in paragraph at lines 212--212

 []


Overfull \hbox (30.0pt too wide) in paragraph at lines 212--212
[][] 
 []


Overfull \hbox (30.0pt too wide) in paragraph at lines 216--216
[][] 
 []


Overfull \hbox (30.0pt too wide) in paragraph at lines 219--219
[][] 
 []


Underfull \hbox (badness 10000) in paragraph at lines 225--225

 []


Overfull \hbox (30.0pt too wide) in paragraph at lines 225--225
[][] 
 []

[61]
Overfull \hbox (30.0pt too wide) in paragraph at lines 229--229
[][] 
 []


Underfull \hbox (badness 10000) in paragraph at lines 236--236

 []


Overfull \hbox (30.0pt too wide) in paragraph at lines 236--236
[][] 
 []


Overfull \hbox (30.0pt too wide) in paragraph at lines 239--239
[][] 
 []


Underfull \hbox (badness 10000) in paragraph at lines 244--244

 []


Overfull \hbox (30.0pt too wide) in paragraph at lines 244--244
[][] 
 []


Overfull \hbox (30.0pt too wide) in paragraph at lines 247--247
[][] 
 []


Underfull \hbox (badness 10000) in paragraph at lines 252--252

 []


Overfull \hbox (30.0pt too wide) in paragraph at lines 252--252
[][] 
 []

[62]
Overfull \hbox (30.0pt too wide) in paragraph at lines 255--255
[][] 
 []


Underfull \hbox (badness 10000) in paragraph at lines 260--260

 []


Overfull \hbox (30.0pt too wide) in paragraph at lines 260--260
[][] 
 []


Overfull \hbox (30.0pt too wide) in paragraph at lines 264--264
[][] 
 []


Underfull \hbox (badness 10000) in paragraph at lines 271--271

 []


Overfull \hbox (30.0pt too wide) in paragraph at lines 271--271
[][] 
 []


Overfull \hbox (30.0pt too wide) in paragraph at lines 277--277
[][] 
 []


Underfull \hbox (badness 10000) in paragraph at lines 285--285

 []


Overfull \hbox (30.0pt too wide) in paragraph at lines 285--285
[][] 
 []


Overfull \hbox (30.0pt too wide) in paragraph at lines 292--292
[][] 
 []

[63]
Underfull \hbox (badness 10000) in paragraph at lines 301--301

 []


Overfull \hbox (30.0pt too wide) in paragraph at lines 301--301
[][] 
 []


Overfull \hbox (30.0pt too wide) in paragraph at lines 306--306
[][] 
 []


Underfull \hbox (badness 10000) in paragraph at lines 315--315

 []


Overfull \hbox (30.0pt too wide) in paragraph at lines 315--315
[][] 
 []


Overfull \hbox (30.0pt too wide) in paragraph at lines 319--319
[][] 
 []


Overfull \hbox (30.0pt too wide) in paragraph at lines 341--341
[][] 
 []

[64]
Overfull \hbox (30.0pt too wide) in paragraph at lines 355--355
[][] 
 []

Missing character: There is no  in font cmr10!
Missing character: There is no  in font cmr10!
Missing character: There is no  in font cmr10!

Overfull \hbox (30.0pt too wide) in paragraph at lines 402--402
[][] 
 []

[65]
Overfull \hbox (30.0pt too wide) in paragraph at lines 402--402
[][] 
 []

[66]
Overfull \hbox (30.0pt too wide) in paragraph at lines 402--402
[][] 
 []

[67]
Overfull \hbox (30.0pt too wide) in paragraph at lines 402--402
[][] 
 []

) [68]
No file Book.bbl.
Package atveryend Info: Empty hook `BeforeClearDocument' on input line 119.
Package atveryend Info: Empty hook `AfterLastShipout' on input line 119.
(./Book.aux (./Installation/UserManual.aux) (./Installation/menus.aux)
(./prooftech/proof1.aux) (./prooftech/predicate.aux) (./Tactics/types.aux)
(./Tactics/tactics.aux) (./Installation/examples.aux))
Package atveryend Info: Executing hook `AtVeryEndDocument' on input line 119.
Package atveryend Info: Executing hook `AtEndAfterFileList' on input line 119.
Package rerunfilecheck Info: File `Book.out' has not changed.
(rerunfilecheck)             Checksum: A03F30362BBEAEC43219F6ED446E69C6;1770.


LaTeX Font Warning: Size substitutions with differences
(Font)              up to 1.28pt have occurred.


LaTeX Warning: There were undefined references.


LaTeX Warning: There were multiply-defined labels.

Package atveryend Info: Empty hook `AtVeryVeryEnd' on input line 119.
 ) 
Here is how much of TeX's memory you used:
 20763 strings out of 493014
 405391 string characters out of 6133351
 516866 words of memory out of 5000000
 23708 multiletter control sequences out of 15000+600000
 13165 words of font info for 51 fonts, out of 8000000 for 9000
 1141 hyphenation exceptions out of 8191
 55i,14n,83p,1069b,889s stack positions out of 5000i,500n,10000p,200000b,80000s
</usr/local/texlive/2016/texmf-dist/fonts/type1/public/amsfonts/cm/cmbx10.pfb
></usr/local/texlive/2016/texmf-dist/fonts/type1/public/amsfonts/cm/cmbx12.pfb>
</usr/local/texlive/2016/texmf-dist/fonts/type1/public/amsfonts/cm/cmbx8.pfb></
usr/local/texlive/2016/texmf-dist/fonts/type1/public/amsfonts/cm/cmbxti10.pfb><
/usr/local/texlive/2016/texmf-dist/fonts/type1/public/amsfonts/cm/cmmi10.pfb></
usr/local/texlive/2016/texmf-dist/fonts/type1/public/amsfonts/cm/cmmi7.pfb></us
r/local/texlive/2016/texmf-dist/fonts/type1/public/amsfonts/cm/cmmi8.pfb></usr/
local/texlive/2016/texmf-dist/fonts/type1/public/amsfonts/cm/cmr10.pfb></usr/lo
cal/texlive/2016/texmf-dist/fonts/type1/public/amsfonts/cm/cmr12.pfb></usr/loca
l/texlive/2016/texmf-dist/fonts/type1/public/amsfonts/cm/cmr17.pfb></usr/local/
texlive/2016/texmf-dist/fonts/type1/public/amsfonts/cm/cmr6.pfb></usr/local/tex
live/2016/texmf-dist/fonts/type1/public/amsfonts/cm/cmr7.pfb></usr/local/texliv
e/2016/texmf-dist/fonts/type1/public/amsfonts/cm/cmr8.pfb></usr/local/texlive/2
016/texmf-dist/fonts/type1/public/amsfonts/cm/cmsy10.pfb></usr/local/texlive/20
16/texmf-dist/fonts/type1/public/amsfonts/cm/cmsy8.pfb></usr/local/texlive/2016
/texmf-dist/fonts/type1/public/amsfonts/cm/cmti10.pfb></usr/local/texlive/2016/
texmf-dist/fonts/type1/public/amsfonts/cm/cmtt10.pfb></usr/local/texlive/2016/t
exmf-dist/fonts/type1/public/amsfonts/cm/cmtt8.pfb></usr/local/texlive/2016/tex
mf-dist/fonts/type1/public/amsfonts/symbols/msbm10.pfb>
Output written on Book.pdf (78 pages, 521783 bytes).
PDF statistics:
 709 PDF objects out of 1000 (max. 8388607)
 588 compressed objects within 6 object streams
 191 named destinations out of 1000 (max. 500000)
 261 words of extra memory for PDF output out of 10000 (max. 10000000)

